[ 2016-07-27T14:49:56+08:00 ] 172.168.2.54 /admin.php
INFO: [ app_init ] --START--
INFO: Run Behavior\BuildLiteBehavior [ RunTime:0.000000s ]
INFO: [ app_init ] --END-- [ RunTime:0.000000s ]

[ 2016-07-27T14:49:58+08:00 ] 172.168.2.54 /admin.php/Home/Login/login
INFO: [ app_init ] --START--
INFO: Run Behavior\BuildLiteBehavior [ RunTime:0.000000s ]
INFO: [ app_init ] --END-- [ RunTime:0.000000s ]

[ 2016-07-27T14:49:59+08:00 ] 172.168.2.54 /admin.php/Home/
INFO: [ app_init ] --START--
INFO: Run Behavior\BuildLiteBehavior [ RunTime:0.000000s ]
INFO: [ app_init ] --END-- [ RunTime:0.000000s ]

[ 2016-07-27T14:50:00+08:00 ] 172.168.2.54 /admin.php/Home/NewsManage
INFO: [ app_init ] --START--
INFO: Run Behavior\BuildLiteBehavior [ RunTime:0.000000s ]
INFO: [ app_init ] --END-- [ RunTime:0.000000s ]

[ 2016-07-27T14:50:25+08:00 ] 172.168.2.54 /admin.php/Home/NewsAdd
INFO: [ app_init ] --START--
INFO: Run Behavior\BuildLiteBehavior [ RunTime:0.000000s ]
INFO: [ app_init ] --END-- [ RunTime:0.000000s ]

[ 2016-07-27T14:50:39+08:00 ] 172.168.2.54 /admin.php/Home/NewsAdd/Add
INFO: [ app_init ] --START--
INFO: Run Behavior\BuildLiteBehavior [ RunTime:0.000000s ]
INFO: [ app_init ] --END-- [ RunTime:0.000000s ]
ERR: 1364:Field 'PvCount' doesn't have a default value
 [ SQL语句 ] : INSERT INTO `tb_news` (`NewsTitle`,`Keywords`,`Description`,`Source`,`NewsClass1ID`,`NewsClass1Name`,`NewsClass2ID`,`NewsClass2Name`,`Istop`,`NewsContent`) VALUES ('test','test','test','test','0','','0','','0','<p>test</p>')

[ 2016-07-27T14:50:46+08:00 ] 172.168.2.54 /admin.php/Home/NewsAdd/Add
INFO: [ app_init ] --START--
INFO: Run Behavior\BuildLiteBehavior [ RunTime:0.000000s ]
INFO: [ app_init ] --END-- [ RunTime:0.000000s ]
ERR: 1364:Field 'PvCount' doesn't have a default value
 [ SQL语句 ] : INSERT INTO `tb_news` (`NewsTitle`,`Keywords`,`Description`,`Source`,`NewsClass1ID`,`NewsClass1Name`,`NewsClass2ID`,`NewsClass2Name`,`Istop`,`NewsContent`) VALUES ('test','test','test','test','0','','0','','0','<p>test</p>')

[ 2016-07-27T14:58:56+08:00 ] 172.168.2.54 /admin.php/Home/NewsAdd/Add
INFO: [ app_init ] --START--
INFO: Run Behavior\BuildLiteBehavior [ RunTime:0.000000s ]
INFO: [ app_init ] --END-- [ RunTime:0.000000s ]
ERR: 1364:Field 'PvCount' doesn't have a default value
 [ SQL语句 ] : INSERT INTO `tb_news` (`NewsTitle`,`Keywords`,`Description`,`Source`,`NewsClass1ID`,`NewsClass1Name`,`NewsClass2ID`,`NewsClass2Name`,`Istop`,`NewsContent`) VALUES ('test','test','test','test','0','','0','','1','<p>test</p>')

[ 2016-07-27T14:58:59+08:00 ] 172.168.2.54 /admin.php/Home/NewsAdd/Add
INFO: [ app_init ] --START--
INFO: Run Behavior\BuildLiteBehavior [ RunTime:0.000000s ]
INFO: [ app_init ] --END-- [ RunTime:0.000000s ]
ERR: 1364:Field 'PvCount' doesn't have a default value
 [ SQL语句 ] : INSERT INTO `tb_news` (`NewsTitle`,`Keywords`,`Description`,`Source`,`NewsClass1ID`,`NewsClass1Name`,`NewsClass2ID`,`NewsClass2Name`,`Istop`,`NewsContent`) VALUES ('test','test','test','test','0','','0','','1','<p>test</p>')

[ 2016-07-27T14:59:02+08:00 ] 172.168.2.54 /admin.php/Home/NewsAdd
INFO: [ app_init ] --START--
INFO: Run Behavior\BuildLiteBehavior [ RunTime:0.000000s ]
INFO: [ app_init ] --END-- [ RunTime:0.000000s ]

[ 2016-07-27T14:59:13+08:00 ] 172.168.2.54 /admin.php/Home/NewsAdd/Add
INFO: [ app_init ] --START--
INFO: Run Behavior\BuildLiteBehavior [ RunTime:0.000000s ]
INFO: [ app_init ] --END-- [ RunTime:0.000000s ]
ERR: 1364:Field 'PvCount' doesn't have a default value
 [ SQL语句 ] : INSERT INTO `tb_news` (`NewsTitle`,`Keywords`,`Description`,`Source`,`NewsClass1ID`,`NewsClass1Name`,`NewsClass2ID`,`NewsClass2Name`,`Istop`,`NewsContent`) VALUES ('test','test','test','test','0','','0','','1','<p>test</p>')

[ 2016-07-27T16:11:31+08:00 ] 172.168.2.54 /admin.php/Home/NewsAdd/Add
INFO: [ app_init ] --START--
INFO: Run Behavior\BuildLiteBehavior [ RunTime:0.000000s ]
INFO: [ app_init ] --END-- [ RunTime:0.000000s ]
ERR: 1364:Field 'PicUrl' doesn't have a default value
 [ SQL语句 ] : INSERT INTO `tb_news` (`NewsTitle`,`Keywords`,`Description`,`Source`,`NewsClass1ID`,`NewsClass1Name`,`NewsClass2ID`,`NewsClass2Name`,`Istop`,`NewsContent`,`PvCount`) VALUES ('test','test','test','test','0','','0','','0','<p>test</p>','1')

