[ 2016-07-29T10:33:45+08:00 ] 172.168.2.54 /admin.php
INFO: [ app_init ] --START--
INFO: Run Behavior\BuildLiteBehavior [ RunTime:0.000000s ]
INFO: [ app_init ] --END-- [ RunTime:0.000000s ]

[ 2016-07-29T10:33:46+08:00 ] 172.168.2.54 /admin.php/Home/Login/login
INFO: [ app_init ] --START--
INFO: Run Behavior\BuildLiteBehavior [ RunTime:0.000000s ]
INFO: [ app_init ] --END-- [ RunTime:0.000000s ]

[ 2016-07-29T10:33:47+08:00 ] 172.168.2.54 /admin.php/Home/
INFO: [ app_init ] --START--
INFO: Run Behavior\BuildLiteBehavior [ RunTime:0.000000s ]
INFO: [ app_init ] --END-- [ RunTime:0.000000s ]

[ 2016-07-29T10:33:48+08:00 ] 172.168.2.54 /admin.php/Home/NewsManage
INFO: [ app_init ] --START--
INFO: Run Behavior\BuildLiteBehavior [ RunTime:0.000000s ]
INFO: [ app_init ] --END-- [ RunTime:0.000000s ]

[ 2016-07-29T10:33:49+08:00 ] 172.168.2.54 /admin.php/Home/NewsAdd
INFO: [ app_init ] --START--
INFO: Run Behavior\BuildLiteBehavior [ RunTime:0.000000s ]
INFO: [ app_init ] --END-- [ RunTime:0.000000s ]

[ 2016-07-29T10:34:12+08:00 ] 172.168.2.54 /admin.php/Home/NewsAdd/Add
INFO: [ app_init ] --START--
INFO: Run Behavior\BuildLiteBehavior [ RunTime:0.000000s ]
INFO: [ app_init ] --END-- [ RunTime:0.000000s ]
ERR: 1364:Field 'PicUrl' doesn't have a default value
 [ SQL语句 ] : INSERT INTO `tb_news` (`NewsTitle`,`Keywords`,`Description`,`Source`,`NewsClass1ID`,`NewsClass1Name`,`NewsClass2ID`,`NewsClass2Name`,`Istop`,`NewsContent`,`PvCount`) VALUES ('test','test','test','test','0','','0','','11','<p>test</p>','1')

[ 2016-07-29T10:34:33+08:00 ] 172.168.2.54 /admin.php/Home/NewsAdd/Add
INFO: [ app_init ] --START--
INFO: Run Behavior\BuildLiteBehavior [ RunTime:0.000000s ]
INFO: [ app_init ] --END-- [ RunTime:0.000000s ]
ERR: 1364:Field 'PicUrl' doesn't have a default value
 [ SQL语句 ] : INSERT INTO `tb_news` (`NewsTitle`,`Keywords`,`Description`,`Source`,`NewsClass1ID`,`NewsClass1Name`,`NewsClass2ID`,`NewsClass2Name`,`Istop`,`NewsContent`,`PvCount`) VALUES ('test','test','test','test','0','','0','','11','<p>test</p>','1')

[ 2016-07-29T10:38:13+08:00 ] 172.168.2.54 /admin.php
INFO: [ app_init ] --START--
INFO: Run Behavior\BuildLiteBehavior [ RunTime:0.000000s ]
INFO: [ app_init ] --END-- [ RunTime:0.000000s ]

[ 2016-07-29T10:38:15+08:00 ] 172.168.2.54 /admin.php/Home/Login/login
INFO: [ app_init ] --START--
INFO: Run Behavior\BuildLiteBehavior [ RunTime:0.000000s ]
INFO: [ app_init ] --END-- [ RunTime:0.000000s ]

[ 2016-07-29T10:38:16+08:00 ] 172.168.2.54 /admin.php/Home/
INFO: [ app_init ] --START--
INFO: Run Behavior\BuildLiteBehavior [ RunTime:0.000000s ]
INFO: [ app_init ] --END-- [ RunTime:0.000000s ]

[ 2016-07-29T10:38:22+08:00 ] 172.168.2.54 /admin.php/Home/NewsAdd
INFO: [ app_init ] --START--
INFO: Run Behavior\BuildLiteBehavior [ RunTime:0.000000s ]
INFO: [ app_init ] --END-- [ RunTime:0.000000s ]

[ 2016-07-29T10:38:23+08:00 ] 172.168.2.54 /admin.php/Home/NewsManage
INFO: [ app_init ] --START--
INFO: Run Behavior\BuildLiteBehavior [ RunTime:0.000000s ]
INFO: [ app_init ] --END-- [ RunTime:0.000000s ]

[ 2016-07-29T10:38:24+08:00 ] 172.168.2.54 /admin.php/Home/NewsAdd
INFO: [ app_init ] --START--
INFO: Run Behavior\BuildLiteBehavior [ RunTime:0.000000s ]
INFO: [ app_init ] --END-- [ RunTime:0.000000s ]

[ 2016-07-29T10:39:00+08:00 ] 172.168.2.54 /admin.php/Home/NewsAdd/Add
INFO: [ app_init ] --START--
INFO: Run Behavior\BuildLiteBehavior [ RunTime:0.000000s ]
INFO: [ app_init ] --END-- [ RunTime:0.000000s ]
ERR: 1364:Field 'CreateAdmin' doesn't have a default value
 [ SQL语句 ] : INSERT INTO `tb_news` (`NewsTitle`,`Keywords`,`Description`,`Source`,`NewsClass1ID`,`NewsClass1Name`,`NewsClass2ID`,`NewsClass2Name`,`Istop`,`NewsContent`,`PvCount`) VALUES ('title','keywords','description','source','0','','0','','666','<p>content</p>','1')

[ 2016-07-29T10:39:16+08:00 ] 172.168.2.54 /admin.php/Home/NewsAdd/Add
INFO: [ app_init ] --START--
INFO: Run Behavior\BuildLiteBehavior [ RunTime:0.000000s ]
INFO: [ app_init ] --END-- [ RunTime:0.000000s ]
ERR: 1364:Field 'CreateAdmin' doesn't have a default value
 [ SQL语句 ] : INSERT INTO `tb_news` (`NewsTitle`,`Keywords`,`Description`,`Source`,`NewsClass1ID`,`NewsClass1Name`,`NewsClass2ID`,`NewsClass2Name`,`Istop`,`NewsContent`,`PvCount`) VALUES ('title','keywords','description','source','0','','0','','666','<p>content</p>','1')

[ 2016-07-29T10:46:11+08:00 ] 172.168.2.54 /admin.php/Home/NewsAdd/Add
INFO: [ app_init ] --START--
INFO: Run Behavior\BuildLiteBehavior [ RunTime:0.000000s ]
INFO: [ app_init ] --END-- [ RunTime:0.000000s ]

[ 2016-07-29T11:05:00+08:00 ] 172.168.2.54 /admin.php/Home/NewsAdd
INFO: [ app_init ] --START--
INFO: Run Behavior\BuildLiteBehavior [ RunTime:0.000000s ]
INFO: [ app_init ] --END-- [ RunTime:0.000000s ]

[ 2016-07-29T11:05:19+08:00 ] 172.168.2.54 /admin.php/Home/NewsAdd/Add
INFO: [ app_init ] --START--
INFO: Run Behavior\BuildLiteBehavior [ RunTime:0.000000s ]
INFO: [ app_init ] --END-- [ RunTime:0.000000s ]

[ 2016-07-29T11:05:20+08:00 ] 172.168.2.54 /admin.php/Home/NewsAdd/index.html
INFO: [ app_init ] --START--
INFO: Run Behavior\BuildLiteBehavior [ RunTime:0.000000s ]
INFO: [ app_init ] --END-- [ RunTime:0.000000s ]

[ 2016-07-29T11:05:20+08:00 ] 172.168.2.54 /admin.php/Home/assets/ico/favicon.ico
INFO: [ app_init ] --START--
INFO: Run Behavior\BuildLiteBehavior [ RunTime:0.000000s ]
INFO: [ app_init ] --END-- [ RunTime:0.000000s ]

[ 2016-07-29T11:05:20+08:00 ] 172.168.2.54 /admin.php/Home/assets/ico/favicon.ico
INFO: [ app_init ] --START--
INFO: Run Behavior\BuildLiteBehavior [ RunTime:0.000000s ]
INFO: [ app_init ] --END-- [ RunTime:0.000000s ]

[ 2016-07-29T11:05:22+08:00 ] 172.168.2.54 /admin.php/Home/NewsAdd/NewsManage
INFO: [ app_init ] --START--
INFO: Run Behavior\BuildLiteBehavior [ RunTime:0.000000s ]
INFO: [ app_init ] --END-- [ RunTime:0.000000s ]
ERR: 非法操作:NewsManage

[ 2016-07-29T11:05:26+08:00 ] 172.168.2.54 /admin.php/Home/assets/ico/favicon.ico
INFO: [ app_init ] --START--
INFO: Run Behavior\BuildLiteBehavior [ RunTime:0.000000s ]
INFO: [ app_init ] --END-- [ RunTime:0.000000s ]

[ 2016-07-29T11:05:34+08:00 ] 172.168.2.54 /admin.php/Home/NewsAdd/NewsAdd
INFO: [ app_init ] --START--
INFO: Run Behavior\BuildLiteBehavior [ RunTime:0.000000s ]
INFO: [ app_init ] --END-- [ RunTime:0.000000s ]
ERR: 非法操作:NewsAdd

[ 2016-07-29T11:05:35+08:00 ] 172.168.2.54 /admin.php/Home/assets/ico/favicon.ico
INFO: [ app_init ] --START--
INFO: Run Behavior\BuildLiteBehavior [ RunTime:0.000000s ]
INFO: [ app_init ] --END-- [ RunTime:0.000000s ]

[ 2016-07-29T11:24:43+08:00 ] 172.168.2.54 /admin.php/Home/Login/login
INFO: [ app_init ] --START--
INFO: Run Behavior\BuildLiteBehavior [ RunTime:0.000000s ]
INFO: [ app_init ] --END-- [ RunTime:0.000000s ]

[ 2016-07-29T11:25:02+08:00 ] 172.168.2.54 /admin.php/Home/NewsAdd/Add
INFO: [ app_init ] --START--
INFO: Run Behavior\BuildLiteBehavior [ RunTime:0.000000s ]
INFO: [ app_init ] --END-- [ RunTime:0.000000s ]

[ 2016-07-29T11:25:03+08:00 ] 172.168.2.54 /admin.php/Home/Admin/NewsManage.html
INFO: [ app_init ] --START--
INFO: Run Behavior\BuildLiteBehavior [ RunTime:0.000000s ]
INFO: [ app_init ] --END-- [ RunTime:0.000000s ]
ERR: 无法加载控制器:Admin

[ 2016-07-29T11:26:30+08:00 ] 172.168.2.54 /admin.php/Home/NewsAdd/Add
INFO: [ app_init ] --START--
INFO: Run Behavior\BuildLiteBehavior [ RunTime:0.000000s ]
INFO: [ app_init ] --END-- [ RunTime:0.000000s ]

[ 2016-07-29T11:26:31+08:00 ] 172.168.2.54 /admin.php/Home/NewsAdd/...html
INFO: [ app_init ] --START--
INFO: Run Behavior\BuildLiteBehavior [ RunTime:0.000000s ]
INFO: [ app_init ] --END-- [ RunTime:0.000000s ]
ERR: 非法操作:..

[ 2016-07-29T11:27:45+08:00 ] 172.168.2.54 /admin.php/Home/NewsAdd/Add
INFO: [ app_init ] --START--
INFO: Run Behavior\BuildLiteBehavior [ RunTime:0.000000s ]
INFO: [ app_init ] --END-- [ RunTime:0.000000s ]

[ 2016-07-29T11:27:46+08:00 ] 172.168.2.54 /admin.php/Home/Home/NewsManage
INFO: [ app_init ] --START--
INFO: Run Behavior\BuildLiteBehavior [ RunTime:0.000000s ]
INFO: [ app_init ] --END-- [ RunTime:0.000000s ]
ERR: 无法加载控制器:Home

[ 2016-07-29T11:28:05+08:00 ] 172.168.2.54 /admin.php/Home/NewsAdd/Add
INFO: [ app_init ] --START--
INFO: Run Behavior\BuildLiteBehavior [ RunTime:0.000000s ]
INFO: [ app_init ] --END-- [ RunTime:0.000000s ]

[ 2016-07-29T11:28:18+08:00 ] 172.168.2.54 /admin.php/Home/NewsAdd/Add
INFO: [ app_init ] --START--
INFO: Run Behavior\BuildLiteBehavior [ RunTime:0.000000s ]
INFO: [ app_init ] --END-- [ RunTime:0.000000s ]

[ 2016-07-29T13:34:29+08:00 ] 172.168.2.54 /admin.php
INFO: [ app_init ] --START--
INFO: Run Behavior\BuildLiteBehavior [ RunTime:0.000000s ]
INFO: [ app_init ] --END-- [ RunTime:0.000000s ]

[ 2016-07-29T13:37:36+08:00 ] 172.168.2.54 /admin.php
INFO: [ app_init ] --START--
INFO: Run Behavior\BuildLiteBehavior [ RunTime:0.000000s ]
INFO: [ app_init ] --END-- [ RunTime:0.000000s ]

[ 2016-07-29T13:39:57+08:00 ] 172.168.2.54 /admin.php
INFO: [ app_init ] --START--
INFO: Run Behavior\BuildLiteBehavior [ RunTime:0.000000s ]
INFO: [ app_init ] --END-- [ RunTime:0.000000s ]

[ 2016-07-29T13:41:05+08:00 ] 172.168.2.54 /admin.php
INFO: [ app_init ] --START--
INFO: Run Behavior\BuildLiteBehavior [ RunTime:0.000000s ]
INFO: [ app_init ] --END-- [ RunTime:0.000000s ]

[ 2016-07-29T14:50:35+08:00 ] 172.168.2.54 /admin.php
INFO: [ app_init ] --START--
INFO: Run Behavior\BuildLiteBehavior [ RunTime:0.000000s ]
INFO: [ app_init ] --END-- [ RunTime:0.000000s ]

[ 2016-07-29T14:50:37+08:00 ] 172.168.2.54 /admin.php/Home/Login/login
INFO: [ app_init ] --START--
INFO: Run Behavior\BuildLiteBehavior [ RunTime:0.000000s ]
INFO: [ app_init ] --END-- [ RunTime:0.015625s ]

[ 2016-07-29T14:50:38+08:00 ] 172.168.2.54 /admin.php/Home/
INFO: [ app_init ] --START--
INFO: Run Behavior\BuildLiteBehavior [ RunTime:0.000000s ]
INFO: [ app_init ] --END-- [ RunTime:0.000000s ]

[ 2016-07-29T14:50:40+08:00 ] 172.168.2.54 /admin.php/Home/NewsAdd
INFO: [ app_init ] --START--
INFO: Run Behavior\BuildLiteBehavior [ RunTime:0.000000s ]
INFO: [ app_init ] --END-- [ RunTime:0.000000s ]

[ 2016-07-29T14:50:43+08:00 ] 172.168.2.54 /admin.php/Home/NewsAdd/Add
INFO: [ app_init ] --START--
INFO: Run Behavior\BuildLiteBehavior [ RunTime:0.000000s ]
INFO: [ app_init ] --END-- [ RunTime:0.000000s ]
ERR: 1048:Column 'NewsContent' cannot be null
 [ SQL语句 ] : INSERT INTO `tb_news` (`NewsTitle`,`Keywords`,`Description`,`Source`,`NewsClass1ID`,`NewsClass1Name`,`NewsClass2ID`,`NewsClass2Name`,`Istop`,`NewsContent`,`PvCount`,`CreateAdmin`) VALUES ('','','','','0','','0','','0',NULL,'1','sa')

[ 2016-07-29T15:50:14+08:00 ] 172.168.2.54 /admin.php
INFO: [ app_init ] --START--
INFO: Run Behavior\BuildLiteBehavior [ RunTime:0.000000s ]
INFO: [ app_init ] --END-- [ RunTime:0.000000s ]

[ 2016-07-29T15:51:48+08:00 ] 172.168.2.54 /admin.php
INFO: [ app_init ] --START--
INFO: Run Behavior\BuildLiteBehavior [ RunTime:0.000000s ]
INFO: [ app_init ] --END-- [ RunTime:0.000000s ]

[ 2016-07-29T15:51:50+08:00 ] 172.168.2.54 /admin.php/Home/Login/login
INFO: [ app_init ] --START--
INFO: Run Behavior\BuildLiteBehavior [ RunTime:0.000000s ]
INFO: [ app_init ] --END-- [ RunTime:0.000000s ]

[ 2016-07-29T15:51:51+08:00 ] 172.168.2.54 /admin.php/Home/
INFO: [ app_init ] --START--
INFO: Run Behavior\BuildLiteBehavior [ RunTime:0.000000s ]
INFO: [ app_init ] --END-- [ RunTime:0.000000s ]

[ 2016-07-29T15:51:52+08:00 ] 172.168.2.54 /admin.php/Home/NewsAdd
INFO: [ app_init ] --START--
INFO: Run Behavior\BuildLiteBehavior [ RunTime:0.000000s ]
INFO: [ app_init ] --END-- [ RunTime:0.000000s ]

[ 2016-07-29T15:52:04+08:00 ] 172.168.2.54 /admin.php/Home/NewsAdd/Add
INFO: [ app_init ] --START--
INFO: Run Behavior\BuildLiteBehavior [ RunTime:0.000000s ]
INFO: [ app_init ] --END-- [ RunTime:0.000000s ]
ERR: 1048:Column 'NewsContent' cannot be null
 [ SQL语句 ] : INSERT INTO `tb_news` (`NewsTitle`,`Keywords`,`Description`,`Source`,`NewsClass1ID`,`NewsClass1Name`,`NewsClass2ID`,`NewsClass2Name`,`Istop`,`NewsContent`,`PvCount`,`CreateAdmin`) VALUES ('','','','','0','','0','','0',NULL,'1','sa')

[ 2016-07-29T15:54:58+08:00 ] 172.168.2.54 /admin.php
INFO: [ app_init ] --START--
INFO: Run Behavior\BuildLiteBehavior [ RunTime:0.000000s ]
INFO: [ app_init ] --END-- [ RunTime:0.000000s ]

[ 2016-07-29T15:54:59+08:00 ] 172.168.2.54 /admin.php/Home/Login/login
INFO: [ app_init ] --START--
INFO: Run Behavior\BuildLiteBehavior [ RunTime:0.000000s ]
INFO: [ app_init ] --END-- [ RunTime:0.000000s ]

[ 2016-07-29T15:55:00+08:00 ] 172.168.2.54 /admin.php/Home/
INFO: [ app_init ] --START--
INFO: Run Behavior\BuildLiteBehavior [ RunTime:0.000000s ]
INFO: [ app_init ] --END-- [ RunTime:0.000000s ]

[ 2016-07-29T15:55:02+08:00 ] 172.168.2.54 /admin.php/Home/NewsAdd
INFO: [ app_init ] --START--
INFO: Run Behavior\BuildLiteBehavior [ RunTime:0.000000s ]
INFO: [ app_init ] --END-- [ RunTime:0.000000s ]

[ 2016-07-29T16:26:32+08:00 ] 172.168.2.54 /admin.php
INFO: [ app_init ] --START--
INFO: Run Behavior\BuildLiteBehavior [ RunTime:0.000000s ]
INFO: [ app_init ] --END-- [ RunTime:0.000000s ]

[ 2016-07-29T16:26:33+08:00 ] 172.168.2.54 /admin.php/Home/Login/login
INFO: [ app_init ] --START--
INFO: Run Behavior\BuildLiteBehavior [ RunTime:0.000000s ]
INFO: [ app_init ] --END-- [ RunTime:0.000000s ]

[ 2016-07-29T16:26:34+08:00 ] 172.168.2.54 /admin.php/Home/
INFO: [ app_init ] --START--
INFO: Run Behavior\BuildLiteBehavior [ RunTime:0.000000s ]
INFO: [ app_init ] --END-- [ RunTime:0.000000s ]

[ 2016-07-29T16:26:35+08:00 ] 172.168.2.54 /admin.php/Home/NewsAdd
INFO: [ app_init ] --START--
INFO: Run Behavior\BuildLiteBehavior [ RunTime:0.000000s ]
INFO: [ app_init ] --END-- [ RunTime:0.000000s ]

[ 2016-07-29T16:26:36+08:00 ] 172.168.2.54 /admin.php/Home/NewsAdd/Add
INFO: [ app_init ] --START--
INFO: Run Behavior\BuildLiteBehavior [ RunTime:0.000000s ]
INFO: [ app_init ] --END-- [ RunTime:0.000000s ]
ERR: 1048:Column 'NewsContent' cannot be null
 [ SQL语句 ] : INSERT INTO `tb_news` (`NewsTitle`,`Keywords`,`Description`,`Source`,`NewsClass1ID`,`NewsClass1Name`,`NewsClass2ID`,`NewsClass2Name`,`Istop`,`NewsContent`,`PvCount`,`CreateAdmin`) VALUES ('','','','','0','','0','','0',NULL,'1','sa')

[ 2016-07-29T16:31:13+08:00 ] 172.168.2.54 /admin.php/Home/NewsAdd/Add
INFO: [ app_init ] --START--
INFO: Run Behavior\BuildLiteBehavior [ RunTime:0.000000s ]
INFO: [ app_init ] --END-- [ RunTime:0.000000s ]
ERR: 1048:Column 'NewsContent' cannot be null
 [ SQL语句 ] : INSERT INTO `tb_news` (`NewsTitle`,`Keywords`,`Description`,`Source`,`NewsClass1ID`,`NewsClass1Name`,`NewsClass2ID`,`NewsClass2Name`,`Istop`,`NewsContent`,`PvCount`,`CreateAdmin`) VALUES ('','','','','0','','0','','0',NULL,'1','sa')

[ 2016-07-29T16:34:04+08:00 ] 172.168.2.54 /admin.php
INFO: [ app_init ] --START--
INFO: Run Behavior\BuildLiteBehavior [ RunTime:0.000000s ]
INFO: [ app_init ] --END-- [ RunTime:0.000000s ]

[ 2016-07-29T16:34:23+08:00 ] 172.168.2.54 /admin.php/Home/NewsManage/
INFO: [ app_init ] --START--
INFO: Run Behavior\BuildLiteBehavior [ RunTime:0.000000s ]
INFO: [ app_init ] --END-- [ RunTime:0.000000s ]

[ 2016-07-29T16:34:24+08:00 ] 172.168.2.54 /admin.php/Home/assets/ico/favicon.ico
INFO: [ app_init ] --START--
INFO: Run Behavior\BuildLiteBehavior [ RunTime:0.000000s ]
INFO: [ app_init ] --END-- [ RunTime:0.000000s ]

[ 2016-07-29T16:34:42+08:00 ] 172.168.2.54 /admin.php/Home/NewsManage/index.html
INFO: [ app_init ] --START--
INFO: Run Behavior\BuildLiteBehavior [ RunTime:0.000000s ]
INFO: [ app_init ] --END-- [ RunTime:0.000000s ]

[ 2016-07-29T16:34:42+08:00 ] 172.168.2.54 /admin.php/Home/assets/ico/favicon.ico
INFO: [ app_init ] --START--
INFO: Run Behavior\BuildLiteBehavior [ RunTime:0.000000s ]
INFO: [ app_init ] --END-- [ RunTime:0.000000s ]

[ 2016-07-29T16:34:43+08:00 ] 172.168.2.54 /admin.php/Home/NewsManage/NewsManage
INFO: [ app_init ] --START--
INFO: Run Behavior\BuildLiteBehavior [ RunTime:0.000000s ]
INFO: [ app_init ] --END-- [ RunTime:0.000000s ]
ERR: 非法操作:NewsManage

[ 2016-07-29T16:34:48+08:00 ] 172.168.2.54 /admin.php/Home/assets/ico/favicon.ico
INFO: [ app_init ] --START--
INFO: Run Behavior\BuildLiteBehavior [ RunTime:0.000000s ]
INFO: [ app_init ] --END-- [ RunTime:0.000000s ]

[ 2016-07-29T16:34:49+08:00 ] 172.168.2.54 /admin.php/Home/NewsManage/NewsAdd
INFO: [ app_init ] --START--
INFO: Run Behavior\BuildLiteBehavior [ RunTime:0.000000s ]
INFO: [ app_init ] --END-- [ RunTime:0.000000s ]
ERR: 非法操作:NewsAdd

[ 2016-07-29T16:34:50+08:00 ] 172.168.2.54 /admin.php/Home/assets/ico/favicon.ico
INFO: [ app_init ] --START--
INFO: Run Behavior\BuildLiteBehavior [ RunTime:0.000000s ]
INFO: [ app_init ] --END-- [ RunTime:0.000000s ]

[ 2016-07-29T16:34:51+08:00 ] 172.168.2.54 /admin.php/Home/NewsManage/NewsManage
INFO: [ app_init ] --START--
INFO: Run Behavior\BuildLiteBehavior [ RunTime:0.000000s ]
INFO: [ app_init ] --END-- [ RunTime:0.000000s ]
ERR: 非法操作:NewsManage

[ 2016-07-29T16:34:57+08:00 ] 172.168.2.54 /admin.php/Home/assets/ico/favicon.ico
INFO: [ app_init ] --START--
INFO: Run Behavior\BuildLiteBehavior [ RunTime:0.000000s ]
INFO: [ app_init ] --END-- [ RunTime:0.000000s ]

[ 2016-07-29T16:34:57+08:00 ] 172.168.2.54 /admin.php/Home/assets/ico/favicon.ico
INFO: [ app_init ] --START--
INFO: Run Behavior\BuildLiteBehavior [ RunTime:0.000000s ]
INFO: [ app_init ] --END-- [ RunTime:0.000000s ]

[ 2016-07-29T16:36:14+08:00 ] 172.168.2.54 /admin.php
INFO: [ app_init ] --START--
INFO: Run Behavior\BuildLiteBehavior [ RunTime:0.000000s ]
INFO: [ app_init ] --END-- [ RunTime:0.000000s ]

[ 2016-07-29T16:36:32+08:00 ] 172.168.2.54 /admin.php
INFO: [ app_init ] --START--
INFO: Run Behavior\BuildLiteBehavior [ RunTime:0.000000s ]
INFO: [ app_init ] --END-- [ RunTime:0.000000s ]

[ 2016-07-29T16:40:07+08:00 ] 172.168.2.54 /admin.php
INFO: [ app_init ] --START--
INFO: Run Behavior\BuildLiteBehavior [ RunTime:0.000000s ]
INFO: [ app_init ] --END-- [ RunTime:0.000000s ]

[ 2016-07-29T16:40:19+08:00 ] 172.168.2.54 /admin.php/Home/NewsAdd
INFO: [ app_init ] --START--
INFO: Run Behavior\BuildLiteBehavior [ RunTime:0.000000s ]
INFO: [ app_init ] --END-- [ RunTime:0.000000s ]

[ 2016-07-29T16:40:22+08:00 ] 172.168.2.54 /admin.php/Home/NewsManage
INFO: [ app_init ] --START--
INFO: Run Behavior\BuildLiteBehavior [ RunTime:0.000000s ]
INFO: [ app_init ] --END-- [ RunTime:0.000000s ]

[ 2016-07-29T16:41:02+08:00 ] 172.168.2.54 /admin.php/Home/index.html
INFO: [ app_init ] --START--
INFO: Run Behavior\BuildLiteBehavior [ RunTime:0.000000s ]
INFO: [ app_init ] --END-- [ RunTime:0.000000s ]

[ 2016-07-29T16:41:04+08:00 ] 172.168.2.54 /admin.php/Home/
INFO: [ app_init ] --START--
INFO: Run Behavior\BuildLiteBehavior [ RunTime:0.000000s ]
INFO: [ app_init ] --END-- [ RunTime:0.015625s ]

[ 2016-07-29T16:41:05+08:00 ] 172.168.2.54 /admin.php/Home/NewsManage
INFO: [ app_init ] --START--
INFO: Run Behavior\BuildLiteBehavior [ RunTime:0.000000s ]
INFO: [ app_init ] --END-- [ RunTime:0.000000s ]

[ 2016-07-29T16:41:06+08:00 ] 172.168.2.54 /admin.php/Home/NewsManage
INFO: [ app_init ] --START--
INFO: Run Behavior\BuildLiteBehavior [ RunTime:0.000000s ]
INFO: [ app_init ] --END-- [ RunTime:0.000000s ]

[ 2016-07-29T16:41:07+08:00 ] 172.168.2.54 /admin.php/Home/NewsAdd
INFO: [ app_init ] --START--
INFO: Run Behavior\BuildLiteBehavior [ RunTime:0.000000s ]
INFO: [ app_init ] --END-- [ RunTime:0.000000s ]

[ 2016-07-29T16:41:24+08:00 ] 172.168.2.54 /admin.php/Home/NewsAdd/Add
INFO: [ app_init ] --START--
INFO: Run Behavior\BuildLiteBehavior [ RunTime:0.000000s ]
INFO: [ app_init ] --END-- [ RunTime:0.000000s ]

[ 2016-07-29T16:41:25+08:00 ] 172.168.2.54 /admin.php/Home/NewsManage
INFO: [ app_init ] --START--
INFO: Run Behavior\BuildLiteBehavior [ RunTime:0.000000s ]
INFO: [ app_init ] --END-- [ RunTime:0.000000s ]

[ 2016-07-29T16:41:36+08:00 ] 172.168.2.54 /admin.php
INFO: [ app_init ] --START--
INFO: Run Behavior\BuildLiteBehavior [ RunTime:0.000000s ]
INFO: [ app_init ] --END-- [ RunTime:0.000000s ]

[ 2016-07-29T16:41:38+08:00 ] 172.168.2.54 /admin.php/Home/NewsManage
INFO: [ app_init ] --START--
INFO: Run Behavior\BuildLiteBehavior [ RunTime:0.000000s ]
INFO: [ app_init ] --END-- [ RunTime:0.000000s ]

[ 2016-07-29T16:41:38+08:00 ] 172.168.2.54 /admin.php/Home/NewsAdd
INFO: [ app_init ] --START--
INFO: Run Behavior\BuildLiteBehavior [ RunTime:0.000000s ]
INFO: [ app_init ] --END-- [ RunTime:0.000000s ]

[ 2016-07-29T16:42:17+08:00 ] 172.168.2.54 /admin.php/Home/NewsManage
INFO: [ app_init ] --START--
INFO: Run Behavior\BuildLiteBehavior [ RunTime:0.000000s ]
INFO: [ app_init ] --END-- [ RunTime:0.000000s ]

[ 2016-07-29T16:42:18+08:00 ] 172.168.2.54 /admin.php/Home/NewsAdd
INFO: [ app_init ] --START--
INFO: Run Behavior\BuildLiteBehavior [ RunTime:0.000000s ]
INFO: [ app_init ] --END-- [ RunTime:0.000000s ]

[ 2016-07-29T16:42:19+08:00 ] 172.168.2.54 /admin.php/Home/NewsAdd
INFO: [ app_init ] --START--
INFO: Run Behavior\BuildLiteBehavior [ RunTime:0.000000s ]
INFO: [ app_init ] --END-- [ RunTime:0.000000s ]

[ 2016-07-29T16:42:21+08:00 ] 172.168.2.54 /admin.php/Home/NewsManage
INFO: [ app_init ] --START--
INFO: Run Behavior\BuildLiteBehavior [ RunTime:0.000000s ]
INFO: [ app_init ] --END-- [ RunTime:0.000000s ]

[ 2016-07-29T16:42:22+08:00 ] 172.168.2.54 /admin.php/Home/
INFO: [ app_init ] --START--
INFO: Run Behavior\BuildLiteBehavior [ RunTime:0.000000s ]
INFO: [ app_init ] --END-- [ RunTime:0.000000s ]

[ 2016-07-29T16:42:28+08:00 ] 172.168.2.54 /admin.php/Home/login/logout.html
INFO: [ app_init ] --START--
INFO: Run Behavior\BuildLiteBehavior [ RunTime:0.000000s ]
INFO: [ app_init ] --END-- [ RunTime:0.000000s ]

[ 2016-07-29T16:42:29+08:00 ] 172.168.2.54 /admin.php/Home/
INFO: [ app_init ] --START--
INFO: Run Behavior\BuildLiteBehavior [ RunTime:0.000000s ]
INFO: [ app_init ] --END-- [ RunTime:0.000000s ]

[ 2016-07-29T16:42:31+08:00 ] 172.168.2.54 /admin.php/Home/Login/login
INFO: [ app_init ] --START--
INFO: Run Behavior\BuildLiteBehavior [ RunTime:0.000000s ]
INFO: [ app_init ] --END-- [ RunTime:0.000000s ]

[ 2016-07-29T16:42:32+08:00 ] 172.168.2.54 /admin.php/Home/
INFO: [ app_init ] --START--
INFO: Run Behavior\BuildLiteBehavior [ RunTime:0.000000s ]
INFO: [ app_init ] --END-- [ RunTime:0.000000s ]

[ 2016-07-29T16:42:34+08:00 ] 172.168.2.54 /admin.php/Home/NewsManage
INFO: [ app_init ] --START--
INFO: Run Behavior\BuildLiteBehavior [ RunTime:0.000000s ]
INFO: [ app_init ] --END-- [ RunTime:0.000000s ]

[ 2016-07-29T16:42:35+08:00 ] 172.168.2.54 /admin.php/Home/NewsAdd
INFO: [ app_init ] --START--
INFO: Run Behavior\BuildLiteBehavior [ RunTime:0.000000s ]
INFO: [ app_init ] --END-- [ RunTime:0.000000s ]

[ 2016-07-29T16:42:37+08:00 ] 172.168.2.54 /admin.php/Home/NewsAdd/Add
INFO: [ app_init ] --START--
INFO: Run Behavior\BuildLiteBehavior [ RunTime:0.000000s ]
INFO: [ app_init ] --END-- [ RunTime:0.000000s ]

[ 2016-07-29T16:42:38+08:00 ] 172.168.2.54 /admin.php/Home/NewsManage
INFO: [ app_init ] --START--
INFO: Run Behavior\BuildLiteBehavior [ RunTime:0.000000s ]
INFO: [ app_init ] --END-- [ RunTime:0.000000s ]

[ 2016-07-29T16:42:40+08:00 ] 172.168.2.54 /admin.php/Home/NewsAdd
INFO: [ app_init ] --START--
INFO: Run Behavior\BuildLiteBehavior [ RunTime:0.000000s ]
INFO: [ app_init ] --END-- [ RunTime:0.000000s ]

[ 2016-07-29T16:42:43+08:00 ] 172.168.2.54 /admin.php/Home/NewsAdd/Add
INFO: [ app_init ] --START--
INFO: Run Behavior\BuildLiteBehavior [ RunTime:0.000000s ]
INFO: [ app_init ] --END-- [ RunTime:0.000000s ]
ERR: 1048:Column 'NewsContent' cannot be null
 [ SQL语句 ] : INSERT INTO `tb_news` (`NewsTitle`,`Keywords`,`Description`,`Source`,`NewsClass1ID`,`NewsClass1Name`,`NewsClass2ID`,`NewsClass2Name`,`Istop`,`NewsContent`,`PvCount`,`CreateAdmin`) VALUES ('','','','','0','','0','','0',NULL,'1','sa')

[ 2016-07-29T16:44:25+08:00 ] 172.168.2.54 /admin.php
INFO: [ app_init ] --START--
INFO: Run Behavior\BuildLiteBehavior [ RunTime:0.000000s ]
INFO: [ app_init ] --END-- [ RunTime:0.000000s ]

[ 2016-07-29T16:44:27+08:00 ] 172.168.2.54 /admin.php/Home/
INFO: [ app_init ] --START--
INFO: Run Behavior\BuildLiteBehavior [ RunTime:0.000000s ]
INFO: [ app_init ] --END-- [ RunTime:0.000000s ]

[ 2016-07-29T16:44:33+08:00 ] 172.168.2.54 /admin.php/Home/NewsAdd
INFO: [ app_init ] --START--
INFO: Run Behavior\BuildLiteBehavior [ RunTime:0.000000s ]
INFO: [ app_init ] --END-- [ RunTime:0.000000s ]

[ 2016-07-29T16:46:58+08:00 ] 172.168.2.54 /admin.php/Home/
INFO: [ app_init ] --START--
INFO: Run Behavior\BuildLiteBehavior [ RunTime:0.000000s ]
INFO: [ app_init ] --END-- [ RunTime:0.000000s ]

[ 2016-07-29T16:47:01+08:00 ] 172.168.2.54 /admin.php/Home/NewsManage
INFO: [ app_init ] --START--
INFO: Run Behavior\BuildLiteBehavior [ RunTime:0.000000s ]
INFO: [ app_init ] --END-- [ RunTime:0.000000s ]

[ 2016-07-29T16:47:01+08:00 ] 172.168.2.54 /admin.php/Home/NewsAdd
INFO: [ app_init ] --START--
INFO: Run Behavior\BuildLiteBehavior [ RunTime:0.000000s ]
INFO: [ app_init ] --END-- [ RunTime:0.000000s ]

[ 2016-07-29T16:47:03+08:00 ] 172.168.2.54 /admin.php/Home/NewsManage
INFO: [ app_init ] --START--
INFO: Run Behavior\BuildLiteBehavior [ RunTime:0.015625s ]
INFO: [ app_init ] --END-- [ RunTime:0.015625s ]

[ 2016-07-29T16:47:03+08:00 ] 172.168.2.54 /admin.php/Home/
INFO: [ app_init ] --START--
INFO: Run Behavior\BuildLiteBehavior [ RunTime:0.000000s ]
INFO: [ app_init ] --END-- [ RunTime:0.000000s ]

[ 2016-07-29T16:47:16+08:00 ] 172.168.2.54 /admin.php
INFO: [ app_init ] --START--
INFO: Run Behavior\BuildLiteBehavior [ RunTime:0.000000s ]
INFO: [ app_init ] --END-- [ RunTime:0.000000s ]

[ 2016-07-29T16:47:20+08:00 ] 172.168.2.54 /admin.php/Home/NewsAdd
INFO: [ app_init ] --START--
INFO: Run Behavior\BuildLiteBehavior [ RunTime:0.000000s ]
INFO: [ app_init ] --END-- [ RunTime:0.000000s ]

[ 2016-07-29T16:47:20+08:00 ] 172.168.2.54 /admin.php/Home/NewsManage
INFO: [ app_init ] --START--
INFO: Run Behavior\BuildLiteBehavior [ RunTime:0.000000s ]
INFO: [ app_init ] --END-- [ RunTime:0.000000s ]

[ 2016-07-29T16:47:21+08:00 ] 172.168.2.54 /admin.php/Home/NewsAdd
INFO: [ app_init ] --START--
INFO: Run Behavior\BuildLiteBehavior [ RunTime:0.000000s ]
INFO: [ app_init ] --END-- [ RunTime:0.000000s ]

[ 2016-07-29T16:47:23+08:00 ] 172.168.2.54 /admin.php/Home/NewsManage
INFO: [ app_init ] --START--
INFO: Run Behavior\BuildLiteBehavior [ RunTime:0.000000s ]
INFO: [ app_init ] --END-- [ RunTime:0.000000s ]

[ 2016-07-29T16:47:24+08:00 ] 172.168.2.54 /admin.php/Home/
INFO: [ app_init ] --START--
INFO: Run Behavior\BuildLiteBehavior [ RunTime:0.000000s ]
INFO: [ app_init ] --END-- [ RunTime:0.000000s ]

[ 2016-07-29T16:47:54+08:00 ] 172.168.2.54 /admin.php/Home/NewsManage
INFO: [ app_init ] --START--
INFO: Run Behavior\BuildLiteBehavior [ RunTime:0.000000s ]
INFO: [ app_init ] --END-- [ RunTime:0.000000s ]

[ 2016-07-29T16:47:55+08:00 ] 172.168.2.54 /admin.php/Home/NewsAdd
INFO: [ app_init ] --START--
INFO: Run Behavior\BuildLiteBehavior [ RunTime:0.000000s ]
INFO: [ app_init ] --END-- [ RunTime:0.000000s ]

[ 2016-07-29T16:49:11+08:00 ] 172.168.2.54 /admin.php/Home/NewsAdd
INFO: [ app_init ] --START--
INFO: Run Behavior\BuildLiteBehavior [ RunTime:0.000000s ]
INFO: [ app_init ] --END-- [ RunTime:0.000000s ]

[ 2016-07-29T16:49:25+08:00 ] 172.168.2.54 /admin.php/Home/NewsAdd/Add
INFO: [ app_init ] --START--
INFO: Run Behavior\BuildLiteBehavior [ RunTime:0.000000s ]
INFO: [ app_init ] --END-- [ RunTime:0.000000s ]

[ 2016-07-29T16:49:26+08:00 ] 172.168.2.54 /admin.php/Home/NewsManage
INFO: [ app_init ] --START--
INFO: Run Behavior\BuildLiteBehavior [ RunTime:0.000000s ]
INFO: [ app_init ] --END-- [ RunTime:0.000000s ]

[ 2016-07-29T16:49:32+08:00 ] 172.168.2.54 /admin.php/Home/NewsAdd
INFO: [ app_init ] --START--
INFO: Run Behavior\BuildLiteBehavior [ RunTime:0.000000s ]
INFO: [ app_init ] --END-- [ RunTime:0.000000s ]

[ 2016-07-29T17:07:02+08:00 ] 172.168.2.54 /admin.php
INFO: [ app_init ] --START--
INFO: Run Behavior\BuildLiteBehavior [ RunTime:0.000000s ]
INFO: [ app_init ] --END-- [ RunTime:0.000000s ]

[ 2016-07-29T17:07:03+08:00 ] 172.168.2.54 /admin.php/Home/NewsManage
INFO: [ app_init ] --START--
INFO: Run Behavior\BuildLiteBehavior [ RunTime:0.000000s ]
INFO: [ app_init ] --END-- [ RunTime:0.000000s ]

[ 2016-07-29T17:07:04+08:00 ] 172.168.2.54 /admin.php/Home/NewsAdd
INFO: [ app_init ] --START--
INFO: Run Behavior\BuildLiteBehavior [ RunTime:0.000000s ]
INFO: [ app_init ] --END-- [ RunTime:0.000000s ]

[ 2016-07-29T17:07:05+08:00 ] 172.168.2.54 /admin.php/Home/NewsAdd/Add
INFO: [ app_init ] --START--
INFO: Run Behavior\BuildLiteBehavior [ RunTime:0.000000s ]
INFO: [ app_init ] --END-- [ RunTime:0.000000s ]
ERR: 1048:Column 'NewsContent' cannot be null
 [ SQL语句 ] : INSERT INTO `tb_news` (`NewsTitle`,`Keywords`,`Description`,`Source`,`NewsClass1ID`,`NewsClass1Name`,`NewsClass2ID`,`NewsClass2Name`,`Istop`,`NewsContent`,`PvCount`,`CreateAdmin`) VALUES ('','','','','0','','0','','0',NULL,'1','sa')

[ 2016-07-29T17:07:18+08:00 ] 172.168.2.54 /admin.php/Home/NewsAdd/Add
INFO: [ app_init ] --START--
INFO: Run Behavior\BuildLiteBehavior [ RunTime:0.000000s ]
INFO: [ app_init ] --END-- [ RunTime:0.000000s ]
ERR: 1048:Column 'NewsContent' cannot be null
 [ SQL语句 ] : INSERT INTO `tb_news` (`NewsTitle`,`Keywords`,`Description`,`Source`,`NewsClass1ID`,`NewsClass1Name`,`NewsClass2ID`,`NewsClass2Name`,`Istop`,`NewsContent`,`PvCount`,`CreateAdmin`) VALUES ('','','','','0','','0','','0',NULL,'1','sa')

[ 2016-07-29T17:07:27+08:00 ] 172.168.2.54 /admin.php/Home/NewsAdd/Add
INFO: [ app_init ] --START--
INFO: Run Behavior\BuildLiteBehavior [ RunTime:0.000000s ]
INFO: [ app_init ] --END-- [ RunTime:0.000000s ]
ERR: 1048:Column 'NewsContent' cannot be null
 [ SQL语句 ] : INSERT INTO `tb_news` (`NewsTitle`,`Keywords`,`Description`,`Source`,`NewsClass1ID`,`NewsClass1Name`,`NewsClass2ID`,`NewsClass2Name`,`Istop`,`NewsContent`,`PvCount`,`CreateAdmin`) VALUES ('','','','','0','','0','','0',NULL,'1','sa')

[ 2016-07-29T17:24:26+08:00 ] 172.168.2.54 /admin.php/Home/NewsAdd/Add
INFO: [ app_init ] --START--
INFO: Run Behavior\BuildLiteBehavior [ RunTime:0.000000s ]
INFO: [ app_init ] --END-- [ RunTime:0.000000s ]

[ 2016-07-29T17:24:27+08:00 ] 172.168.2.54 /admin.php/Home/NewsManage
INFO: [ app_init ] --START--
INFO: Run Behavior\BuildLiteBehavior [ RunTime:0.000000s ]
INFO: [ app_init ] --END-- [ RunTime:0.000000s ]

[ 2016-07-29T17:35:30+08:00 ] 172.168.2.54 /admin.php
INFO: [ app_init ] --START--
INFO: Run Behavior\BuildLiteBehavior [ RunTime:0.000000s ]
INFO: [ app_init ] --END-- [ RunTime:0.000000s ]

[ 2016-07-29T17:35:32+08:00 ] 172.168.2.54 /admin.php/Home/NewsAdd
INFO: [ app_init ] --START--
INFO: Run Behavior\BuildLiteBehavior [ RunTime:0.000000s ]
INFO: [ app_init ] --END-- [ RunTime:0.000000s ]

[ 2016-07-29T17:35:35+08:00 ] 172.168.2.54 /admin.php/Home/NewsAdd
INFO: [ app_init ] --START--
INFO: Run Behavior\BuildLiteBehavior [ RunTime:0.000000s ]
INFO: [ app_init ] --END-- [ RunTime:0.000000s ]

[ 2016-07-29T17:41:13+08:00 ] 172.168.2.54 /admin.php/Home/NewsAdd
INFO: [ app_init ] --START--
INFO: Run Behavior\BuildLiteBehavior [ RunTime:0.000000s ]
INFO: [ app_init ] --END-- [ RunTime:0.000000s ]

[ 2016-07-29T17:41:15+08:00 ] 172.168.2.54 /admin.php/Home/NewsAdd/Add
INFO: [ app_init ] --START--
INFO: Run Behavior\BuildLiteBehavior [ RunTime:0.000000s ]
INFO: [ app_init ] --END-- [ RunTime:0.000000s ]
ERR: 1048:Column 'NewsContent' cannot be null
 [ SQL语句 ] : INSERT INTO `tb_news` (`NewsTitle`,`Keywords`,`Description`,`Source`,`NewsClass1ID`,`NewsClass1Name`,`NewsClass2ID`,`NewsClass2Name`,`Istop`,`NewsContent`,`PvCount`,`CreateAdmin`) VALUES ('','','','','0','','0','','0',NULL,'1','sa')

[ 2016-07-29T17:45:54+08:00 ] 172.168.2.54 /admin.php
INFO: [ app_init ] --START--
INFO: Run Behavior\BuildLiteBehavior [ RunTime:0.000000s ]
INFO: [ app_init ] --END-- [ RunTime:0.000000s ]

[ 2016-07-29T17:45:56+08:00 ] 172.168.2.54 /admin.php/Home/Login/login
INFO: [ app_init ] --START--
INFO: Run Behavior\BuildLiteBehavior [ RunTime:0.000000s ]
INFO: [ app_init ] --END-- [ RunTime:0.000000s ]

[ 2016-07-29T17:45:57+08:00 ] 172.168.2.54 /admin.php/Home/
INFO: [ app_init ] --START--
INFO: Run Behavior\BuildLiteBehavior [ RunTime:0.000000s ]
INFO: [ app_init ] --END-- [ RunTime:0.000000s ]

[ 2016-07-29T17:45:58+08:00 ] 172.168.2.54 /admin.php/Home/NewsAdd
INFO: [ app_init ] --START--
INFO: Run Behavior\BuildLiteBehavior [ RunTime:0.000000s ]
INFO: [ app_init ] --END-- [ RunTime:0.000000s ]

[ 2016-07-29T17:46:00+08:00 ] 172.168.2.54 /admin.php/Home/NewsAdd/Add
INFO: [ app_init ] --START--
INFO: Run Behavior\BuildLiteBehavior [ RunTime:0.000000s ]
INFO: [ app_init ] --END-- [ RunTime:0.000000s ]
ERR: 1048:Column 'NewsContent' cannot be null
 [ SQL语句 ] : INSERT INTO `tb_news` (`NewsTitle`,`Keywords`,`Description`,`Source`,`NewsClass1ID`,`NewsClass1Name`,`NewsClass2ID`,`NewsClass2Name`,`Istop`,`NewsContent`,`PvCount`,`CreateAdmin`) VALUES ('','','','','0','','0','','0',NULL,'1','sa')

[ 2016-07-29T17:46:11+08:00 ] 172.168.2.54 /admin.php/Home/NewsAdd
INFO: [ app_init ] --START--
INFO: Run Behavior\BuildLiteBehavior [ RunTime:0.000000s ]
INFO: [ app_init ] --END-- [ RunTime:0.000000s ]

[ 2016-07-29T18:10:39+08:00 ] 172.168.2.54 /admin.php
INFO: [ app_init ] --START--
INFO: Run Behavior\BuildLiteBehavior [ RunTime:0.000000s ]
INFO: [ app_init ] --END-- [ RunTime:0.000000s ]

[ 2016-07-29T18:10:40+08:00 ] 172.168.2.54 /admin.php/Home/NewsAdd
INFO: [ app_init ] --START--
INFO: Run Behavior\BuildLiteBehavior [ RunTime:0.000000s ]
INFO: [ app_init ] --END-- [ RunTime:0.000000s ]

[ 2016-07-29T18:10:55+08:00 ] 172.168.2.54 /admin.php/Home/NewsAdd/Add
INFO: [ app_init ] --START--
INFO: Run Behavior\BuildLiteBehavior [ RunTime:0.000000s ]
INFO: [ app_init ] --END-- [ RunTime:0.000000s ]

[ 2016-07-29T18:10:56+08:00 ] 172.168.2.54 /admin.php/Home/NewsManage
INFO: [ app_init ] --START--
INFO: Run Behavior\BuildLiteBehavior [ RunTime:0.000000s ]
INFO: [ app_init ] --END-- [ RunTime:0.000000s ]

[ 2016-07-29T18:10:59+08:00 ] 172.168.2.54 /admin.php/Home/NewsAdd
INFO: [ app_init ] --START--
INFO: Run Behavior\BuildLiteBehavior [ RunTime:0.000000s ]
INFO: [ app_init ] --END-- [ RunTime:0.000000s ]

[ 2016-07-29T18:11:00+08:00 ] 172.168.2.54 /admin.php/Home/NewsAdd/Add
INFO: [ app_init ] --START--
INFO: Run Behavior\BuildLiteBehavior [ RunTime:0.000000s ]
INFO: [ app_init ] --END-- [ RunTime:0.000000s ]
ERR: 1048:Column 'NewsContent' cannot be null
 [ SQL语句 ] : INSERT INTO `tb_news` (`NewsTitle`,`Keywords`,`Description`,`Source`,`NewsClass1ID`,`NewsClass1Name`,`NewsClass2ID`,`NewsClass2Name`,`Istop`,`NewsContent`,`PvCount`,`CreateAdmin`) VALUES ('','','','','0','','0','','0',NULL,'1','sa')

[ 2016-07-29T18:13:05+08:00 ] 172.168.2.54 /admin.php
INFO: [ app_init ] --START--
INFO: Run Behavior\BuildLiteBehavior [ RunTime:0.000000s ]
INFO: [ app_init ] --END-- [ RunTime:0.000000s ]

[ 2016-07-29T18:13:06+08:00 ] 172.168.2.54 /admin.php/Home/Login/login
INFO: [ app_init ] --START--
INFO: Run Behavior\BuildLiteBehavior [ RunTime:0.000000s ]
INFO: [ app_init ] --END-- [ RunTime:0.000000s ]

[ 2016-07-29T18:13:07+08:00 ] 172.168.2.54 /admin.php/Home/
INFO: [ app_init ] --START--
INFO: Run Behavior\BuildLiteBehavior [ RunTime:0.000000s ]
INFO: [ app_init ] --END-- [ RunTime:0.000000s ]

[ 2016-07-29T18:13:08+08:00 ] 172.168.2.54 /admin.php/Home/NewsAdd
INFO: [ app_init ] --START--
INFO: Run Behavior\BuildLiteBehavior [ RunTime:0.000000s ]
INFO: [ app_init ] --END-- [ RunTime:0.000000s ]

[ 2016-07-29T18:13:10+08:00 ] 172.168.2.54 /admin.php/Home/NewsAdd/Add
INFO: [ app_init ] --START--
INFO: Run Behavior\BuildLiteBehavior [ RunTime:0.000000s ]
INFO: [ app_init ] --END-- [ RunTime:0.000000s ]
ERR: 1048:Column 'NewsContent' cannot be null
 [ SQL语句 ] : INSERT INTO `tb_news` (`NewsTitle`,`Keywords`,`Description`,`Source`,`NewsClass1ID`,`NewsClass1Name`,`NewsClass2ID`,`NewsClass2Name`,`Istop`,`NewsContent`,`PvCount`,`CreateAdmin`) VALUES ('','','','','0','','0','','0',NULL,'1','sa')

[ 2016-07-29T18:13:20+08:00 ] 172.168.2.54 /admin.php/Home/NewsAdd/Add
INFO: [ app_init ] --START--
INFO: Run Behavior\BuildLiteBehavior [ RunTime:0.000000s ]
INFO: [ app_init ] --END-- [ RunTime:0.015625s ]
ERR: 1048:Column 'NewsContent' cannot be null
 [ SQL语句 ] : INSERT INTO `tb_news` (`NewsTitle`,`Keywords`,`Description`,`Source`,`NewsClass1ID`,`NewsClass1Name`,`NewsClass2ID`,`NewsClass2Name`,`Istop`,`NewsContent`,`PvCount`,`CreateAdmin`) VALUES ('','','','','0','','0','','0',NULL,'1','sa')

[ 2016-07-29T18:19:01+08:00 ] 172.168.2.54 /admin.php
INFO: [ app_init ] --START--
INFO: Run Behavior\BuildLiteBehavior [ RunTime:0.000000s ]
INFO: [ app_init ] --END-- [ RunTime:0.000000s ]

[ 2016-07-29T18:19:03+08:00 ] 172.168.2.54 /admin.php/Home/NewsAdd
INFO: [ app_init ] --START--
INFO: Run Behavior\BuildLiteBehavior [ RunTime:0.000000s ]
INFO: [ app_init ] --END-- [ RunTime:0.000000s ]

[ 2016-07-29T18:19:04+08:00 ] 172.168.2.54 /admin.php/Home/NewsAdd/Add
INFO: [ app_init ] --START--
INFO: Run Behavior\BuildLiteBehavior [ RunTime:0.000000s ]
INFO: [ app_init ] --END-- [ RunTime:0.000000s ]
ERR: 1048:Column 'NewsContent' cannot be null
 [ SQL语句 ] : INSERT INTO `tb_news` (`NewsTitle`,`Keywords`,`Description`,`Source`,`NewsClass1ID`,`NewsClass1Name`,`NewsClass2ID`,`NewsClass2Name`,`Istop`,`NewsContent`,`PvCount`,`CreateAdmin`) VALUES ('','','','','0','','0','','0',NULL,'1','sa')

[ 2016-07-29T18:19:41+08:00 ] 172.168.2.54 /admin.php/Home/NewsAdd/Add
INFO: [ app_init ] --START--
INFO: Run Behavior\BuildLiteBehavior [ RunTime:0.000000s ]
INFO: [ app_init ] --END-- [ RunTime:0.000000s ]

[ 2016-07-29T18:19:42+08:00 ] 172.168.2.54 /admin.php/Home/NewsManage
INFO: [ app_init ] --START--
INFO: Run Behavior\BuildLiteBehavior [ RunTime:0.000000s ]
INFO: [ app_init ] --END-- [ RunTime:0.000000s ]

[ 2016-07-29T18:21:29+08:00 ] 172.168.2.54 /admin.php/Home/NewsAdd
INFO: [ app_init ] --START--
INFO: Run Behavior\BuildLiteBehavior [ RunTime:0.000000s ]
INFO: [ app_init ] --END-- [ RunTime:0.000000s ]

[ 2016-07-29T18:21:30+08:00 ] 172.168.2.54 /admin.php/Home/NewsAdd/Add
INFO: [ app_init ] --START--
INFO: Run Behavior\BuildLiteBehavior [ RunTime:0.000000s ]
INFO: [ app_init ] --END-- [ RunTime:0.000000s ]
ERR: 1048:Column 'NewsContent' cannot be null
 [ SQL语句 ] : INSERT INTO `tb_news` (`NewsTitle`,`Keywords`,`Description`,`Source`,`NewsClass1ID`,`NewsClass1Name`,`NewsClass2ID`,`NewsClass2Name`,`Istop`,`NewsContent`,`PvCount`,`CreateAdmin`) VALUES ('','','','','0','','0','','0',NULL,'1','sa')

[ 2016-07-29T18:21:33+08:00 ] 172.168.2.54 /admin.php/Home/NewsAdd/Add
INFO: [ app_init ] --START--
INFO: Run Behavior\BuildLiteBehavior [ RunTime:0.000000s ]
INFO: [ app_init ] --END-- [ RunTime:0.000000s ]
ERR: 1048:Column 'NewsContent' cannot be null
 [ SQL语句 ] : INSERT INTO `tb_news` (`NewsTitle`,`Keywords`,`Description`,`Source`,`NewsClass1ID`,`NewsClass1Name`,`NewsClass2ID`,`NewsClass2Name`,`Istop`,`NewsContent`,`PvCount`,`CreateAdmin`) VALUES ('','','','','0','','0','','0',NULL,'1','sa')

[ 2016-07-29T18:21:52+08:00 ] 172.168.2.54 /admin.php
INFO: [ app_init ] --START--
INFO: Run Behavior\BuildLiteBehavior [ RunTime:0.000000s ]
INFO: [ app_init ] --END-- [ RunTime:0.000000s ]

[ 2016-07-29T18:21:53+08:00 ] 172.168.2.54 /admin.php/Home/Login/login
INFO: [ app_init ] --START--
INFO: Run Behavior\BuildLiteBehavior [ RunTime:0.000000s ]
INFO: [ app_init ] --END-- [ RunTime:0.000000s ]

[ 2016-07-29T18:21:54+08:00 ] 172.168.2.54 /admin.php/Home/
INFO: [ app_init ] --START--
INFO: Run Behavior\BuildLiteBehavior [ RunTime:0.000000s ]
INFO: [ app_init ] --END-- [ RunTime:0.000000s ]

[ 2016-07-29T18:21:55+08:00 ] 172.168.2.54 /admin.php/Home/NewsAdd
INFO: [ app_init ] --START--
INFO: Run Behavior\BuildLiteBehavior [ RunTime:0.000000s ]
INFO: [ app_init ] --END-- [ RunTime:0.000000s ]

[ 2016-07-29T18:21:57+08:00 ] 172.168.2.54 /admin.php/Home/NewsAdd/Add
INFO: [ app_init ] --START--
INFO: Run Behavior\BuildLiteBehavior [ RunTime:0.000000s ]
INFO: [ app_init ] --END-- [ RunTime:0.000000s ]
ERR: 1048:Column 'NewsContent' cannot be null
 [ SQL语句 ] : INSERT INTO `tb_news` (`NewsTitle`,`Keywords`,`Description`,`Source`,`NewsClass1ID`,`NewsClass1Name`,`NewsClass2ID`,`NewsClass2Name`,`Istop`,`NewsContent`,`PvCount`,`CreateAdmin`) VALUES ('','','','','0','','0','','0',NULL,'1','sa')

[ 2016-07-29T18:22:06+08:00 ] 172.168.2.54 /admin.php/Home/NewsAdd/Add
INFO: [ app_init ] --START--
INFO: Run Behavior\BuildLiteBehavior [ RunTime:0.000000s ]
INFO: [ app_init ] --END-- [ RunTime:0.000000s ]
ERR: 1048:Column 'NewsContent' cannot be null
 [ SQL语句 ] : INSERT INTO `tb_news` (`NewsTitle`,`Keywords`,`Description`,`Source`,`NewsClass1ID`,`NewsClass1Name`,`NewsClass2ID`,`NewsClass2Name`,`Istop`,`NewsContent`,`PvCount`,`CreateAdmin`) VALUES ('','','','','0','','0','','0',NULL,'1','sa')

[ 2016-07-29T18:22:10+08:00 ] 172.168.2.54 /admin.php/Home/NewsAdd
INFO: [ app_init ] --START--
INFO: Run Behavior\BuildLiteBehavior [ RunTime:0.000000s ]
INFO: [ app_init ] --END-- [ RunTime:0.000000s ]

[ 2016-07-29T18:25:38+08:00 ] 172.168.2.54 /admin.php
INFO: [ app_init ] --START--
INFO: Run Behavior\BuildLiteBehavior [ RunTime:0.000000s ]
INFO: [ app_init ] --END-- [ RunTime:0.000000s ]

[ 2016-07-29T18:25:39+08:00 ] 172.168.2.54 /admin.php/Home/Login/login
INFO: [ app_init ] --START--
INFO: Run Behavior\BuildLiteBehavior [ RunTime:0.000000s ]
INFO: [ app_init ] --END-- [ RunTime:0.000000s ]

[ 2016-07-29T18:25:40+08:00 ] 172.168.2.54 /admin.php/Home/
INFO: [ app_init ] --START--
INFO: Run Behavior\BuildLiteBehavior [ RunTime:0.000000s ]
INFO: [ app_init ] --END-- [ RunTime:0.000000s ]

[ 2016-07-29T18:25:42+08:00 ] 172.168.2.54 /admin.php/Home/NewsAdd
INFO: [ app_init ] --START--
INFO: Run Behavior\BuildLiteBehavior [ RunTime:0.000000s ]
INFO: [ app_init ] --END-- [ RunTime:0.000000s ]

