[ 2016-08-30T10:08:52+08:00 ] 172.168.2.54 /admin.php/assets/ico/favicon.ico
INFO: [ app_init ] --START--
INFO: Run Behavior\BuildLiteBehavior [ RunTime:0.000000s ]
INFO: [ app_init ] --END-- [ RunTime:0.000000s ]
ERR: 无法加载模块:Assets

[ 2016-08-30T10:08:54+08:00 ] 172.168.2.54 /admin.php/assets/ico/favicon.ico
INFO: [ app_init ] --START--
INFO: Run Behavior\BuildLiteBehavior [ RunTime:0.000000s ]
INFO: [ app_init ] --END-- [ RunTime:0.000000s ]
ERR: 无法加载模块:Assets

[ 2016-08-30T10:08:57+08:00 ] 172.168.2.54 /admin.php/assets/ico/favicon.ico
INFO: [ app_init ] --START--
INFO: Run Behavior\BuildLiteBehavior [ RunTime:0.000000s ]
INFO: [ app_init ] --END-- [ RunTime:0.000000s ]
ERR: 无法加载模块:Assets

[ 2016-08-30T10:08:57+08:00 ] 172.168.2.54 /admin.php/assets/ico/favicon.ico
INFO: [ app_init ] --START--
INFO: Run Behavior\BuildLiteBehavior [ RunTime:0.000000s ]
INFO: [ app_init ] --END-- [ RunTime:0.000000s ]
ERR: 无法加载模块:Assets

[ 2016-08-30T10:08:58+08:00 ] 172.168.2.54 /admin.php/assets/ico/favicon.ico
INFO: [ app_init ] --START--
INFO: Run Behavior\BuildLiteBehavior [ RunTime:0.000000s ]
INFO: [ app_init ] --END-- [ RunTime:0.000000s ]
ERR: 无法加载模块:Assets

[ 2016-08-30T10:08:58+08:00 ] 172.168.2.54 /admin.php/assets/ico/favicon.ico
INFO: [ app_init ] --START--
INFO: Run Behavior\BuildLiteBehavior [ RunTime:0.000000s ]
INFO: [ app_init ] --END-- [ RunTime:0.000000s ]
ERR: 无法加载模块:Assets

[ 2016-08-30T10:08:59+08:00 ] 172.168.2.54 /admin.php/assets/ico/favicon.ico
INFO: [ app_init ] --START--
INFO: Run Behavior\BuildLiteBehavior [ RunTime:0.000000s ]
INFO: [ app_init ] --END-- [ RunTime:0.000000s ]
ERR: 无法加载模块:Assets

[ 2016-08-30T10:09:00+08:00 ] 172.168.2.54 /admin.php/assets/ico/favicon.ico
INFO: [ app_init ] --START--
INFO: Run Behavior\BuildLiteBehavior [ RunTime:0.000000s ]
INFO: [ app_init ] --END-- [ RunTime:0.000000s ]
ERR: 无法加载模块:Assets

[ 2016-08-30T10:09:00+08:00 ] 172.168.2.54 /admin.php/assets/ico/favicon.ico
INFO: [ app_init ] --START--
INFO: Run Behavior\BuildLiteBehavior [ RunTime:0.000000s ]
INFO: [ app_init ] --END-- [ RunTime:0.000000s ]
ERR: 无法加载模块:Assets

[ 2016-08-30T10:09:01+08:00 ] 172.168.2.54 /admin.php/assets/ico/favicon.ico
INFO: [ app_init ] --START--
INFO: Run Behavior\BuildLiteBehavior [ RunTime:0.000000s ]
INFO: [ app_init ] --END-- [ RunTime:0.000000s ]
ERR: 无法加载模块:Assets

[ 2016-08-30T10:09:01+08:00 ] 172.168.2.54 /admin.php/assets/ico/favicon.ico
INFO: [ app_init ] --START--
INFO: Run Behavior\BuildLiteBehavior [ RunTime:0.000000s ]
INFO: [ app_init ] --END-- [ RunTime:0.000000s ]
ERR: 无法加载模块:Assets

[ 2016-08-30T10:09:02+08:00 ] 172.168.2.54 /admin.php/assets/ico/favicon.ico
INFO: [ app_init ] --START--
INFO: Run Behavior\BuildLiteBehavior [ RunTime:0.000000s ]
INFO: [ app_init ] --END-- [ RunTime:0.000000s ]
ERR: 无法加载模块:Assets

[ 2016-08-30T10:09:06+08:00 ] 172.168.2.54 /admin.php/assets/ico/favicon.ico
INFO: [ app_init ] --START--
INFO: Run Behavior\BuildLiteBehavior [ RunTime:0.000000s ]
INFO: [ app_init ] --END-- [ RunTime:0.000000s ]
ERR: 无法加载模块:Assets

[ 2016-08-30T10:09:08+08:00 ] 172.168.2.54 /admin.php/assets/ico/favicon.ico
INFO: [ app_init ] --START--
INFO: Run Behavior\BuildLiteBehavior [ RunTime:0.000000s ]
INFO: [ app_init ] --END-- [ RunTime:0.000000s ]
ERR: 无法加载模块:Assets

[ 2016-08-30T10:09:09+08:00 ] 172.168.2.54 /admin.php/assets/ico/favicon.ico
INFO: [ app_init ] --START--
INFO: Run Behavior\BuildLiteBehavior [ RunTime:0.000000s ]
INFO: [ app_init ] --END-- [ RunTime:0.000000s ]
ERR: 无法加载模块:Assets

[ 2016-08-30T10:09:09+08:00 ] 172.168.2.54 /admin.php/assets/ico/favicon.ico
INFO: [ app_init ] --START--
INFO: Run Behavior\BuildLiteBehavior [ RunTime:0.000000s ]
INFO: [ app_init ] --END-- [ RunTime:0.000000s ]
ERR: 无法加载模块:Assets

[ 2016-08-30T10:09:10+08:00 ] 172.168.2.54 /admin.php/assets/ico/favicon.ico
INFO: [ app_init ] --START--
INFO: Run Behavior\BuildLiteBehavior [ RunTime:0.000000s ]
INFO: [ app_init ] --END-- [ RunTime:0.000000s ]
ERR: 无法加载模块:Assets

[ 2016-08-30T10:09:11+08:00 ] 172.168.2.54 /admin.php/assets/ico/favicon.ico
INFO: [ app_init ] --START--
INFO: Run Behavior\BuildLiteBehavior [ RunTime:0.000000s ]
INFO: [ app_init ] --END-- [ RunTime:0.000000s ]
ERR: 无法加载模块:Assets

[ 2016-08-30T10:18:59+08:00 ] 172.168.2.54 /admin.php/assets/ico/favicon.ico
INFO: [ app_init ] --START--
INFO: Run Behavior\BuildLiteBehavior [ RunTime:0.000000s ]
INFO: [ app_init ] --END-- [ RunTime:0.000000s ]
ERR: 无法加载模块:Assets

[ 2016-08-30T10:18:59+08:00 ] 172.168.2.54 /admin.php/assets/ico/favicon.ico
INFO: [ app_init ] --START--
INFO: Run Behavior\BuildLiteBehavior [ RunTime:0.000000s ]
INFO: [ app_init ] --END-- [ RunTime:0.000000s ]
ERR: 无法加载模块:Assets

[ 2016-08-30T10:19:00+08:00 ] 172.168.2.54 /admin.php/assets/ico/favicon.ico
INFO: [ app_init ] --START--
INFO: Run Behavior\BuildLiteBehavior [ RunTime:0.000000s ]
INFO: [ app_init ] --END-- [ RunTime:0.000000s ]
ERR: 无法加载模块:Assets

[ 2016-08-30T10:19:00+08:00 ] 172.168.2.54 /admin.php/assets/ico/favicon.ico
INFO: [ app_init ] --START--
INFO: Run Behavior\BuildLiteBehavior [ RunTime:0.000000s ]
INFO: [ app_init ] --END-- [ RunTime:0.000000s ]
ERR: 无法加载模块:Assets

[ 2016-08-30T10:19:00+08:00 ] 172.168.2.54 /admin.php/assets/ico/favicon.ico
INFO: [ app_init ] --START--
INFO: Run Behavior\BuildLiteBehavior [ RunTime:0.000000s ]
INFO: [ app_init ] --END-- [ RunTime:0.015625s ]
ERR: 无法加载模块:Assets

[ 2016-08-30T10:19:00+08:00 ] 172.168.2.54 /admin.php/assets/ico/favicon.ico
INFO: [ app_init ] --START--
INFO: Run Behavior\BuildLiteBehavior [ RunTime:0.000000s ]
INFO: [ app_init ] --END-- [ RunTime:0.000000s ]
ERR: 无法加载模块:Assets

[ 2016-08-30T10:19:01+08:00 ] 172.168.2.54 /admin.php/assets/ico/favicon.ico
INFO: [ app_init ] --START--
INFO: Run Behavior\BuildLiteBehavior [ RunTime:0.000000s ]
INFO: [ app_init ] --END-- [ RunTime:0.000000s ]
ERR: 无法加载模块:Assets

[ 2016-08-30T10:19:01+08:00 ] 172.168.2.54 /admin.php/assets/ico/favicon.ico
INFO: [ app_init ] --START--
INFO: Run Behavior\BuildLiteBehavior [ RunTime:0.000000s ]
INFO: [ app_init ] --END-- [ RunTime:0.000000s ]
ERR: 无法加载模块:Assets

[ 2016-08-30T10:19:01+08:00 ] 172.168.2.54 /admin.php/assets/ico/favicon.ico
INFO: [ app_init ] --START--
INFO: Run Behavior\BuildLiteBehavior [ RunTime:0.000000s ]
INFO: [ app_init ] --END-- [ RunTime:0.000000s ]
ERR: 无法加载模块:Assets

[ 2016-08-30T10:19:01+08:00 ] 172.168.2.54 /admin.php/assets/ico/favicon.ico
INFO: [ app_init ] --START--
INFO: Run Behavior\BuildLiteBehavior [ RunTime:0.000000s ]
INFO: [ app_init ] --END-- [ RunTime:0.015625s ]
ERR: 无法加载模块:Assets

[ 2016-08-30T10:19:01+08:00 ] 172.168.2.54 /admin.php/assets/ico/favicon.ico
INFO: [ app_init ] --START--
INFO: Run Behavior\BuildLiteBehavior [ RunTime:0.000000s ]
INFO: [ app_init ] --END-- [ RunTime:0.000000s ]
ERR: 无法加载模块:Assets

[ 2016-08-30T10:23:20+08:00 ] 172.168.2.54 /admin.php/assets/ico/favicon.ico
INFO: [ app_init ] --START--
INFO: Run Behavior\BuildLiteBehavior [ RunTime:0.000000s ]
INFO: [ app_init ] --END-- [ RunTime:0.000000s ]
ERR: 无法加载模块:Assets

[ 2016-08-30T10:23:20+08:00 ] 172.168.2.54 /admin.php/assets/ico/favicon.ico
INFO: [ app_init ] --START--
INFO: Run Behavior\BuildLiteBehavior [ RunTime:0.000000s ]
INFO: [ app_init ] --END-- [ RunTime:0.000000s ]
ERR: 无法加载模块:Assets

[ 2016-08-30T10:23:21+08:00 ] 172.168.2.54 /admin.php/assets/ico/favicon.ico
INFO: [ app_init ] --START--
INFO: Run Behavior\BuildLiteBehavior [ RunTime:0.000000s ]
INFO: [ app_init ] --END-- [ RunTime:0.000000s ]
ERR: 无法加载模块:Assets

[ 2016-08-30T10:23:21+08:00 ] 172.168.2.54 /admin.php/assets/ico/favicon.ico
INFO: [ app_init ] --START--
INFO: Run Behavior\BuildLiteBehavior [ RunTime:0.000000s ]
INFO: [ app_init ] --END-- [ RunTime:0.000000s ]
ERR: 无法加载模块:Assets

[ 2016-08-30T10:23:22+08:00 ] 172.168.2.54 /admin.php/assets/ico/favicon.ico
INFO: [ app_init ] --START--
INFO: Run Behavior\BuildLiteBehavior [ RunTime:0.000000s ]
INFO: [ app_init ] --END-- [ RunTime:0.000000s ]
ERR: 无法加载模块:Assets

[ 2016-08-30T10:23:23+08:00 ] 172.168.2.54 /admin.php/assets/ico/favicon.ico
INFO: [ app_init ] --START--
INFO: Run Behavior\BuildLiteBehavior [ RunTime:0.000000s ]
INFO: [ app_init ] --END-- [ RunTime:0.000000s ]
ERR: 无法加载模块:Assets

[ 2016-08-30T10:23:30+08:00 ] 172.168.2.54 /admin.php/assets/ico/favicon.ico
INFO: [ app_init ] --START--
INFO: Run Behavior\BuildLiteBehavior [ RunTime:0.000000s ]
INFO: [ app_init ] --END-- [ RunTime:0.000000s ]
ERR: 无法加载模块:Assets

[ 2016-08-30T14:06:20+08:00 ] 172.168.2.54 /admin.php/assets/ico/favicon.ico
INFO: [ app_init ] --START--
INFO: Run Behavior\BuildLiteBehavior [ RunTime:0.000000s ]
INFO: [ app_init ] --END-- [ RunTime:0.015625s ]
ERR: 无法加载模块:Assets

[ 2016-08-30T14:06:21+08:00 ] 172.168.2.54 /admin.php/assets/ico/favicon.ico
INFO: [ app_init ] --START--
INFO: Run Behavior\BuildLiteBehavior [ RunTime:0.000000s ]
INFO: [ app_init ] --END-- [ RunTime:0.000000s ]
ERR: 无法加载模块:Assets

[ 2016-08-30T14:07:05+08:00 ] 172.168.2.54 /admin.php/assets/ico/favicon.ico
INFO: [ app_init ] --START--
INFO: Run Behavior\BuildLiteBehavior [ RunTime:0.000000s ]
INFO: [ app_init ] --END-- [ RunTime:0.000000s ]
ERR: 无法加载模块:Assets

[ 2016-08-30T14:07:10+08:00 ] 172.168.2.54 /admin.php/assets/ico/favicon.ico
INFO: [ app_init ] --START--
INFO: Run Behavior\BuildLiteBehavior [ RunTime:0.000000s ]
INFO: [ app_init ] --END-- [ RunTime:0.000000s ]
ERR: 无法加载模块:Assets

[ 2016-08-30T14:08:04+08:00 ] 172.168.2.54 /admin.php/assets/ico/favicon.ico
INFO: [ app_init ] --START--
INFO: Run Behavior\BuildLiteBehavior [ RunTime:0.000000s ]
INFO: [ app_init ] --END-- [ RunTime:0.000000s ]
ERR: 无法加载模块:Assets

[ 2016-08-30T14:08:06+08:00 ] 172.168.2.54 /admin.php/assets/ico/favicon.ico
INFO: [ app_init ] --START--
INFO: Run Behavior\BuildLiteBehavior [ RunTime:0.000000s ]
INFO: [ app_init ] --END-- [ RunTime:0.000000s ]
ERR: 无法加载模块:Assets

[ 2016-08-30T14:08:09+08:00 ] 172.168.2.54 /admin.php/assets/ico/favicon.ico
INFO: [ app_init ] --START--
INFO: Run Behavior\BuildLiteBehavior [ RunTime:0.000000s ]
INFO: [ app_init ] --END-- [ RunTime:0.000000s ]
ERR: 无法加载模块:Assets

[ 2016-08-30T14:08:12+08:00 ] 172.168.2.54 /admin.php/assets/ico/favicon.ico
INFO: [ app_init ] --START--
INFO: Run Behavior\BuildLiteBehavior [ RunTime:0.000000s ]
INFO: [ app_init ] --END-- [ RunTime:0.000000s ]
ERR: 无法加载模块:Assets

[ 2016-08-30T14:08:14+08:00 ] 172.168.2.54 /admin.php/assets/ico/favicon.ico
INFO: [ app_init ] --START--
INFO: Run Behavior\BuildLiteBehavior [ RunTime:0.000000s ]
INFO: [ app_init ] --END-- [ RunTime:0.000000s ]
ERR: 无法加载模块:Assets

[ 2016-08-30T14:08:31+08:00 ] 172.168.2.54 /admin.php/assets/ico/favicon.ico
INFO: [ app_init ] --START--
INFO: Run Behavior\BuildLiteBehavior [ RunTime:0.000000s ]
INFO: [ app_init ] --END-- [ RunTime:0.015625s ]
ERR: 无法加载模块:Assets

[ 2016-08-30T14:08:35+08:00 ] 172.168.2.54 /admin.php/assets/ico/favicon.ico
INFO: [ app_init ] --START--
INFO: Run Behavior\BuildLiteBehavior [ RunTime:0.000000s ]
INFO: [ app_init ] --END-- [ RunTime:0.000000s ]
ERR: 无法加载模块:Assets

[ 2016-08-30T14:08:44+08:00 ] 172.168.2.54 /admin.php/assets/ico/favicon.ico
INFO: [ app_init ] --START--
INFO: Run Behavior\BuildLiteBehavior [ RunTime:0.000000s ]
INFO: [ app_init ] --END-- [ RunTime:0.000000s ]
ERR: 无法加载模块:Assets

[ 2016-08-30T14:08:45+08:00 ] 172.168.2.54 /admin.php/assets/ico/favicon.ico
INFO: [ app_init ] --START--
INFO: Run Behavior\BuildLiteBehavior [ RunTime:0.000000s ]
INFO: [ app_init ] --END-- [ RunTime:0.000000s ]
ERR: 无法加载模块:Assets

[ 2016-08-30T14:08:46+08:00 ] 172.168.2.54 /admin.php/assets/ico/favicon.ico
INFO: [ app_init ] --START--
INFO: Run Behavior\BuildLiteBehavior [ RunTime:0.000000s ]
INFO: [ app_init ] --END-- [ RunTime:0.000000s ]
ERR: 无法加载模块:Assets

[ 2016-08-30T14:08:47+08:00 ] 172.168.2.54 /admin.php/assets/ico/favicon.ico
INFO: [ app_init ] --START--
INFO: Run Behavior\BuildLiteBehavior [ RunTime:0.000000s ]
INFO: [ app_init ] --END-- [ RunTime:0.000000s ]
ERR: 无法加载模块:Assets

[ 2016-08-30T14:09:36+08:00 ] 172.168.2.54 /admin.php/assets/ico/favicon.ico
INFO: [ app_init ] --START--
INFO: Run Behavior\BuildLiteBehavior [ RunTime:0.000000s ]
INFO: [ app_init ] --END-- [ RunTime:0.000000s ]
ERR: 无法加载模块:Assets

[ 2016-08-30T14:26:26+08:00 ] 172.168.2.54 /admin.php/assets/ico/favicon.ico
INFO: [ app_init ] --START--
INFO: Run Behavior\BuildLiteBehavior [ RunTime:0.000000s ]
INFO: [ app_init ] --END-- [ RunTime:0.000000s ]
ERR: 无法加载模块:Assets

[ 2016-08-30T14:26:26+08:00 ] 172.168.2.54 /admin.php/assets/ico/favicon.ico
INFO: [ app_init ] --START--
INFO: Run Behavior\BuildLiteBehavior [ RunTime:0.000000s ]
INFO: [ app_init ] --END-- [ RunTime:0.000000s ]
ERR: 无法加载模块:Assets

[ 2016-08-30T14:38:38+08:00 ] 172.168.2.54 /admin.php/assets/ico/favicon.ico
INFO: [ app_init ] --START--
INFO: Run Behavior\BuildLiteBehavior [ RunTime:0.000000s ]
INFO: [ app_init ] --END-- [ RunTime:0.000000s ]
ERR: 无法加载模块:Assets

[ 2016-08-30T14:38:38+08:00 ] 172.168.2.54 /admin.php/assets/ico/favicon.ico
INFO: [ app_init ] --START--
INFO: Run Behavior\BuildLiteBehavior [ RunTime:0.000000s ]
INFO: [ app_init ] --END-- [ RunTime:0.000000s ]
ERR: 无法加载模块:Assets

[ 2016-08-30T14:38:39+08:00 ] 172.168.2.54 /admin.php/assets/ico/favicon.ico
INFO: [ app_init ] --START--
INFO: Run Behavior\BuildLiteBehavior [ RunTime:0.000000s ]
INFO: [ app_init ] --END-- [ RunTime:0.000000s ]
ERR: 无法加载模块:Assets

[ 2016-08-30T14:38:39+08:00 ] 172.168.2.54 /admin.php/assets/ico/favicon.ico
INFO: [ app_init ] --START--
INFO: Run Behavior\BuildLiteBehavior [ RunTime:0.000000s ]
INFO: [ app_init ] --END-- [ RunTime:0.000000s ]
ERR: 无法加载模块:Assets

[ 2016-08-30T17:26:14+08:00 ] 172.168.2.54 /admin.php/assets/ico/favicon.ico
INFO: [ app_init ] --START--
INFO: Run Behavior\BuildLiteBehavior [ RunTime:0.000000s ]
INFO: [ app_init ] --END-- [ RunTime:0.000000s ]
ERR: 无法加载模块:Assets

[ 2016-08-30T17:26:14+08:00 ] 172.168.2.54 /admin.php/assets/ico/favicon.ico
INFO: [ app_init ] --START--
INFO: Run Behavior\BuildLiteBehavior [ RunTime:0.000000s ]
INFO: [ app_init ] --END-- [ RunTime:0.000000s ]
ERR: 无法加载模块:Assets

