[ 2016-07-27T14:50:00+08:00 ] 172.168.2.54 /admin.php/assets/ico/favicon.ico
INFO: [ app_init ] --START--
INFO: Run Behavior\BuildLiteBehavior [ RunTime:0.000000s ]
INFO: [ app_init ] --END-- [ RunTime:0.000000s ]
ERR: 无法加载模块:Assets

[ 2016-07-27T14:50:01+08:00 ] 172.168.2.54 /admin.php/assets/ico/favicon.ico
INFO: [ app_init ] --START--
INFO: Run Behavior\BuildLiteBehavior [ RunTime:0.000000s ]
INFO: [ app_init ] --END-- [ RunTime:0.000000s ]
ERR: 无法加载模块:Assets

[ 2016-07-27T14:50:25+08:00 ] 172.168.2.54 /admin.php/assets/ico/favicon.ico
INFO: [ app_init ] --START--
INFO: Run Behavior\BuildLiteBehavior [ RunTime:0.000000s ]
INFO: [ app_init ] --END-- [ RunTime:0.000000s ]
ERR: 无法加载模块:Assets

[ 2016-07-27T14:50:30+08:00 ] 172.168.2.54 /admin.php/assets/ico/favicon.ico
INFO: [ app_init ] --START--
INFO: Run Behavior\BuildLiteBehavior [ RunTime:0.000000s ]
INFO: [ app_init ] --END-- [ RunTime:0.000000s ]
ERR: 无法加载模块:Assets

[ 2016-07-27T14:58:42+08:00 ] 172.168.2.54 /admin.php/assets/ico/favicon.ico
INFO: [ app_init ] --START--
INFO: Run Behavior\BuildLiteBehavior [ RunTime:0.000000s ]
INFO: [ app_init ] --END-- [ RunTime:0.000000s ]
ERR: 无法加载模块:Assets

[ 2016-07-27T14:58:45+08:00 ] 172.168.2.54 /admin.php/assets/ico/favicon.ico
INFO: [ app_init ] --START--
INFO: Run Behavior\BuildLiteBehavior [ RunTime:0.000000s ]
INFO: [ app_init ] --END-- [ RunTime:0.015625s ]
ERR: 无法加载模块:Assets

[ 2016-07-27T14:58:47+08:00 ] 172.168.2.54 /admin.php/assets/ico/favicon.ico
INFO: [ app_init ] --START--
INFO: Run Behavior\BuildLiteBehavior [ RunTime:0.000000s ]
INFO: [ app_init ] --END-- [ RunTime:0.000000s ]
ERR: 无法加载模块:Assets

[ 2016-07-27T14:58:49+08:00 ] 172.168.2.54 /admin.php/assets/ico/favicon.ico
INFO: [ app_init ] --START--
INFO: Run Behavior\BuildLiteBehavior [ RunTime:0.000000s ]
INFO: [ app_init ] --END-- [ RunTime:0.000000s ]
ERR: 无法加载模块:Assets

[ 2016-07-27T14:59:01+08:00 ] 172.168.2.54 /admin.php/assets/ico/favicon.ico
INFO: [ app_init ] --START--
INFO: Run Behavior\BuildLiteBehavior [ RunTime:0.000000s ]
INFO: [ app_init ] --END-- [ RunTime:0.000000s ]
ERR: 无法加载模块:Assets

[ 2016-07-27T14:59:04+08:00 ] 172.168.2.54 /admin.php/assets/ico/favicon.ico
INFO: [ app_init ] --START--
INFO: Run Behavior\BuildLiteBehavior [ RunTime:0.000000s ]
INFO: [ app_init ] --END-- [ RunTime:0.000000s ]
ERR: 无法加载模块:Assets

[ 2016-07-27T14:59:07+08:00 ] 172.168.2.54 /admin.php/assets/ico/favicon.ico
INFO: [ app_init ] --START--
INFO: Run Behavior\BuildLiteBehavior [ RunTime:0.000000s ]
INFO: [ app_init ] --END-- [ RunTime:0.000000s ]
ERR: 无法加载模块:Assets

[ 2016-07-27T16:11:11+08:00 ] 172.168.2.54 /admin.php/assets/ico/favicon.ico
INFO: [ app_init ] --START--
INFO: Run Behavior\BuildLiteBehavior [ RunTime:0.000000s ]
INFO: [ app_init ] --END-- [ RunTime:0.000000s ]
ERR: 无法加载模块:Assets

[ 2016-07-27T16:11:11+08:00 ] 172.168.2.54 /admin.php/assets/ico/favicon.ico
INFO: [ app_init ] --START--
INFO: Run Behavior\BuildLiteBehavior [ RunTime:0.000000s ]
INFO: [ app_init ] --END-- [ RunTime:0.000000s ]
ERR: 无法加载模块:Assets

[ 2016-07-27T16:11:11+08:00 ] 172.168.2.54 /admin.php/assets/ico/favicon.ico
INFO: [ app_init ] --START--
INFO: Run Behavior\BuildLiteBehavior [ RunTime:0.000000s ]
INFO: [ app_init ] --END-- [ RunTime:0.000000s ]
ERR: 无法加载模块:Assets

[ 2016-07-27T16:11:12+08:00 ] 172.168.2.54 /admin.php/assets/ico/favicon.ico
INFO: [ app_init ] --START--
INFO: Run Behavior\BuildLiteBehavior [ RunTime:0.000000s ]
INFO: [ app_init ] --END-- [ RunTime:0.000000s ]
ERR: 无法加载模块:Assets

[ 2016-07-27T16:11:14+08:00 ] 172.168.2.54 /admin.php/assets/ico/favicon.ico
INFO: [ app_init ] --START--
INFO: Run Behavior\BuildLiteBehavior [ RunTime:0.000000s ]
INFO: [ app_init ] --END-- [ RunTime:0.000000s ]
ERR: 无法加载模块:Assets

[ 2016-07-27T16:11:16+08:00 ] 172.168.2.54 /admin.php/assets/ico/favicon.ico
INFO: [ app_init ] --START--
INFO: Run Behavior\BuildLiteBehavior [ RunTime:0.000000s ]
INFO: [ app_init ] --END-- [ RunTime:0.000000s ]
ERR: 无法加载模块:Assets

[ 2016-07-27T16:11:23+08:00 ] 172.168.2.54 /admin.php/assets/ico/favicon.ico
INFO: [ app_init ] --START--
INFO: Run Behavior\BuildLiteBehavior [ RunTime:0.000000s ]
INFO: [ app_init ] --END-- [ RunTime:0.000000s ]
ERR: 无法加载模块:Assets

